* using log directory '/Users/trungnt13/MyCode/R/RProgramming/miRNA/miRNAtargetpackage.Rcheck'
* using R version 3.2.1 (2015-06-18)
* using platform: x86_64-apple-darwin14.5.0 (64-bit)
* using session charset: ASCII
* using option '--as-cran'
* checking for file 'miRNAtargetpackage/DESCRIPTION' ... OK
* checking extension type ... Package
* this is package 'miRNAtargetpackage' version '0.0.1'
* checking package namespace information ... OK
* checking package dependencies ... OK
* checking if this is a source package ... OK
* checking if there is a namespace ... OK
* checking for executable files ... OK
* checking for hidden files and directories ... OK
* checking for portable file names ... OK
* checking for sufficient/correct file permissions ... OK
* checking whether package 'miRNAtargetpackage' can be installed ... OK
* checking installed package size ... OK
* checking package directory ... OK
* checking 'build' directory ... OK
* checking DESCRIPTION meta-information ... ERROR
During startup - Warning messages:
1: Setting LC_CTYPE failed, using "C" 
2: Setting LC_TIME failed, using "C" 
3: Setting LC_MESSAGES failed, using "C" 
4: Setting LC_MONETARY failed, using "C" 
Malformed Title field: should not end in a period.
* DONE
Status: 1 ERROR
